2016-07-11 18:10:36,946 : Found SUBCATEGORY: [орфография], RELATION: [ относится к ], CATEGORY: [тип]
2016-07-11 18:10:36,947 : CONTEXT: [ого стиля. Алфавит русского языка включающий 33 буквы: Орфография русского языка относится к морфологическому типу с элементами фонетического и традиционного ти] 

2016-07-11 18:10:36,952 : Found SUBCATEGORY: [социология], RELATION: [ является ], CATEGORY: [наука]
2016-07-11 18:10:36,953 : CONTEXT: [оциология в рамках позитивизма С точки зрения методологии позитивизма социология является естественной наукой. Упор на эмпиризм и научные методы даёт основание ] 

2016-07-11 18:10:36,977 : Found SUBCATEGORY: [хроматография], RELATION: [ является ], CATEGORY: [вариант]
2016-07-11 18:10:36,977 : CONTEXT: [делительной хроматографии получили Нобелевскую премию.Ионообменная хроматография является более частным вариантом ионной хроматографии. Этот вариант хроматограф] 

2016-07-11 18:10:36,991 : Found SUBCATEGORY: [опера], RELATION: [ являются ], CATEGORY: [часть]
2016-07-11 18:10:36,991 : CONTEXT: [ музыкального визуального или какого-либо иного. Песня или опера сами по себе не являются частью литературы. Если песня написана композитором на уже имеющийся т] 

2016-07-11 18:10:36,997 : Found SUBCATEGORY: [химия], RELATION: [ является ], CATEGORY: [дисциплина]
2016-07-11 18:10:36,998 : CONTEXT: [кая химия предполагает использование инфинитезимального метода. Физическая химия является отдельной дисциплиной от химической физики. Фотохимия Химия высокомоле] 

2016-07-11 18:10:37,003 : Found SUBCATEGORY: [земля], RELATION: [ является ], CATEGORY: [магнит]
2016-07-11 18:10:37,004 : CONTEXT: [зик принял за истину систему Коперника и опытным путём пришёл к выводу что Земля является огромным магнитом. Он определил что Земля управляется силами магнетизм] 

2016-07-11 18:10:37,006 : Found SUBCATEGORY: [русский], RELATION: [ является ], CATEGORY: [язык]
2016-07-11 18:10:37,006 : CONTEXT: [ численности говорящих и восьмым по численности владеющих им как родным. Русский является также самым распространённым славянским языком и самым распространённы] 

2016-07-11 18:10:37,017 : Found SUBCATEGORY: [гласный], RELATION: [ являются ], CATEGORY: [звук]
2016-07-11 18:10:37,018 : CONTEXT: [о ряда [ы] после твёрдых согласных фонем: игра — под[ы]грывать в‿[ы]гре. Гласные являются как правило слоговыми (слогообразующими) звуками (как исключение возмо] 

2016-07-11 18:10:37,029 : Found SUBCATEGORY: [срезневский], RELATION: [ является ], CATEGORY: [автор]
2016-07-11 18:10:37,029 : CONTEXT: [едования памятников древней славянской и русской письменности. И. И. Срезневский является автором «Материалов для словаря древнерусского языка» (в 3 томах 1893—] 

2016-07-11 18:10:37,040 : Found SUBCATEGORY: [социология], RELATION: [ считается ], CATEGORY: [дисциплина]
2016-07-11 18:10:37,040 : CONTEXT: [и и отношения возникающие между отдельными людьми. Отрасли социологии Социология считается относительно молодой научной дисциплиной которая ещё находится в проц] 

2016-07-11 18:10:37,057 : Found SUBCATEGORY: [популяция], RELATION: [ считается ], CATEGORY: [единица]
2016-07-11 18:10:37,057 : CONTEXT: [менных эволюционных теориях (например в Синтетической теории эволюции) популяция считается элементарной единицей микроэволюционного процесса. Изучение популяций] 

2016-07-11 18:10:37,072 : Found SUBCATEGORY: [химия], RELATION: [ - это ], CATEGORY: [кузнецов]
2016-07-11 18:10:37,072 : CONTEXT: [ормация. Где и как искать химику нужные сведения. — М. 1988 Аблесимов Н.Е. Химия - это плохо? http://shkolazhizni.ru/world/articles/52420/ Кузнецов В. И. Общая ] 

2016-07-11 18:10:37,084 : Found SUBCATEGORY: [химия], RELATION: [ - ], CATEGORY: [кузнецов]
2016-07-11 18:10:37,084 : CONTEXT: [ормация. Где и как искать химику нужные сведения. — М. 1988 Аблесимов Н.Е. Химия - это плохо? http://shkolazhizni.ru/world/articles/52420/ Кузнецов В. И. Общая ] 

